<?xml version="1.0" encoding="UTF-8"?>
<robot generator="Robot 4.1.3 (Python 3.8.9 on darwin)" generated="20220505 22:32:58.253" rpa="false" schemaversion="2">
<suite id="s1" name="Agoda" source="/Users/alanliew/Desktop/Robot/agoda.robot">
<test id="s1-t1" name="Testcase1-OpenBrowser">
<kw name="Open Browser" library="SeleniumLibrary">
<arg>${url}</arg>
<arg>${browser}</arg>
<doc>Opens a new browser instance to the optional ``url``.</doc>
<msg timestamp="20220505 22:32:58.374" level="INFO">Opening browser 'chrome' to base url 'https://agoda.com'.</msg>
<status status="PASS" starttime="20220505 22:32:58.373" endtime="20220505 22:33:03.089"/>
</kw>
<kw name="Close Browser" library="SeleniumLibrary">
<doc>Closes the current browser.</doc>
<status status="PASS" starttime="20220505 22:33:03.089" endtime="20220505 22:33:03.167"/>
</kw>
<status status="PASS" starttime="20220505 22:32:58.373" endtime="20220505 22:33:03.167"/>
</test>
<test id="s1-t2" name="Testcase2-RightNavigation">
<kw name="Open Browser" library="SeleniumLibrary">
<arg>${url}</arg>
<arg>${browser}</arg>
<doc>Opens a new browser instance to the optional ``url``.</doc>
<msg timestamp="20220505 22:33:03.168" level="INFO">Opening browser 'chrome' to base url 'https://agoda.com'.</msg>
<status status="PASS" starttime="20220505 22:33:03.168" endtime="20220505 22:33:06.087"/>
</kw>
<kw name="Title Should Be" library="SeleniumLibrary">
<arg>Agoda Official Site | Free Cancellation &amp; Booking Deals | Over 2 Million Hotels</arg>
<doc>Verifies that the current page title equals ``title``.</doc>
<msg timestamp="20220505 22:33:06.090" level="INFO">Page title is 'Agoda Official Site | Free Cancellation &amp; Booking Deals | Over 2 Million Hotels'.</msg>
<status status="PASS" starttime="20220505 22:33:06.087" endtime="20220505 22:33:06.090"/>
</kw>
<kw name="Close Browser" library="SeleniumLibrary">
<doc>Closes the current browser.</doc>
<status status="PASS" starttime="20220505 22:33:06.090" endtime="20220505 22:33:06.164"/>
</kw>
<status status="PASS" starttime="20220505 22:33:03.168" endtime="20220505 22:33:06.164"/>
</test>
<test id="s1-t3" name="Testcase3-Textboxenabled">
<kw name="Open Browser" library="SeleniumLibrary">
<arg>${url}</arg>
<arg>${browser}</arg>
<doc>Opens a new browser instance to the optional ``url``.</doc>
<msg timestamp="20220505 22:33:06.165" level="INFO">Opening browser 'chrome' to base url 'https://agoda.com'.</msg>
<status status="PASS" starttime="20220505 22:33:06.165" endtime="20220505 22:33:09.217"/>
</kw>
<kw name="Title Should Be" library="SeleniumLibrary">
<arg>Agoda Official Site | Free Cancellation &amp; Booking Deals | Over 2 Million Hotels</arg>
<doc>Verifies that the current page title equals ``title``.</doc>
<msg timestamp="20220505 22:33:09.220" level="INFO">Page title is 'Agoda Official Site | Free Cancellation &amp; Booking Deals | Over 2 Million Hotels'.</msg>
<status status="PASS" starttime="20220505 22:33:09.217" endtime="20220505 22:33:09.220"/>
</kw>
<kw name="Wait Until Element Is Visible" library="SeleniumLibrary">
<arg>xpath://*[@id="SearchBoxContainer"]/div[1]/div/div[2]/div/div/div[1]/div/div/input</arg>
<doc>Waits until the element ``locator`` is visible.</doc>
<status status="PASS" starttime="20220505 22:33:09.220" endtime="20220505 22:33:09.250"/>
</kw>
<kw name="Close Browser" library="SeleniumLibrary">
<doc>Closes the current browser.</doc>
<status status="PASS" starttime="20220505 22:33:09.250" endtime="20220505 22:33:09.326"/>
</kw>
<status status="PASS" starttime="20220505 22:33:06.164" endtime="20220505 22:33:09.326"/>
</test>
<test id="s1-t4" name="Testcase4-Inputtext">
<kw name="Open Browser" library="SeleniumLibrary">
<arg>${url}</arg>
<arg>${browser}</arg>
<doc>Opens a new browser instance to the optional ``url``.</doc>
<msg timestamp="20220505 22:33:09.327" level="INFO">Opening browser 'chrome' to base url 'https://agoda.com'.</msg>
<status status="PASS" starttime="20220505 22:33:09.327" endtime="20220505 22:33:12.324"/>
</kw>
<kw name="Title Should Be" library="SeleniumLibrary">
<arg>Agoda Official Site | Free Cancellation &amp; Booking Deals | Over 2 Million Hotels</arg>
<doc>Verifies that the current page title equals ``title``.</doc>
<msg timestamp="20220505 22:33:12.327" level="INFO">Page title is 'Agoda Official Site | Free Cancellation &amp; Booking Deals | Over 2 Million Hotels'.</msg>
<status status="PASS" starttime="20220505 22:33:12.325" endtime="20220505 22:33:12.327"/>
</kw>
<kw name="Wait Until Element Is Visible" library="SeleniumLibrary">
<arg>xpath://*[@id="SearchBoxContainer"]/div[1]/div/div[2]/div/div/div[1]/div/div/input</arg>
<doc>Waits until the element ``locator`` is visible.</doc>
<status status="PASS" starttime="20220505 22:33:12.327" endtime="20220505 22:33:12.346"/>
</kw>
<kw name="Input Text" library="SeleniumLibrary">
<arg>xpath://*[@id="SearchBoxContainer"]/div[1]/div/div[2]/div/div/div[1]/div/div/input</arg>
<arg>kampar</arg>
<doc>Types the given ``text`` into the text field identified by ``locator``.</doc>
<msg timestamp="20220505 22:33:12.346" level="INFO">Typing text 'kampar' into text field 'xpath://*[@id="SearchBoxContainer"]/div[1]/div/div[2]/div/div/div[1]/div/div/input'.</msg>
<status status="PASS" starttime="20220505 22:33:12.346" endtime="20220505 22:33:12.454"/>
</kw>
<kw name="Click Button" library="SeleniumLibrary">
<arg>xpath://*[@id="SearchBoxContainer"]/div[2]/button</arg>
<doc>Clicks the button identified by ``locator``.</doc>
<msg timestamp="20220505 22:33:12.454" level="INFO">Clicking button 'xpath://*[@id="SearchBoxContainer"]/div[2]/button'.</msg>
<status status="PASS" starttime="20220505 22:33:12.454" endtime="20220505 22:33:14.323"/>
</kw>
<kw name="Close Browser" library="SeleniumLibrary">
<doc>Closes the current browser.</doc>
<status status="PASS" starttime="20220505 22:33:14.324" endtime="20220505 22:33:14.410"/>
</kw>
<status status="PASS" starttime="20220505 22:33:09.327" endtime="20220505 22:33:14.411"/>
</test>
<test id="s1-t5" name="Testcase5-waitradiobutton">
<kw name="Open Browser" library="SeleniumLibrary">
<arg>${url}</arg>
<arg>${browser}</arg>
<doc>Opens a new browser instance to the optional ``url``.</doc>
<msg timestamp="20220505 22:33:14.412" level="INFO">Opening browser 'chrome' to base url 'https://agoda.com'.</msg>
<status status="PASS" starttime="20220505 22:33:14.411" endtime="20220505 22:33:17.437"/>
</kw>
<kw name="Title Should Be" library="SeleniumLibrary">
<arg>Agoda Official Site | Free Cancellation &amp; Booking Deals | Over 2 Million Hotels</arg>
<doc>Verifies that the current page title equals ``title``.</doc>
<msg timestamp="20220505 22:33:17.441" level="INFO">Page title is 'Agoda Official Site | Free Cancellation &amp; Booking Deals | Over 2 Million Hotels'.</msg>
<status status="PASS" starttime="20220505 22:33:17.437" endtime="20220505 22:33:17.441"/>
</kw>
<kw name="Wait Until Element Is Visible" library="SeleniumLibrary">
<arg>xpath://*[@id="SearchBoxContainer"]/div[1]/div/div[2]/div/div/div[1]/div/div/input</arg>
<doc>Waits until the element ``locator`` is visible.</doc>
<status status="PASS" starttime="20220505 22:33:17.441" endtime="20220505 22:33:17.460"/>
</kw>
<kw name="Input Text" library="SeleniumLibrary">
<arg>xpath://*[@id="SearchBoxContainer"]/div[1]/div/div[2]/div/div/div[1]/div/div/input</arg>
<arg>kampar</arg>
<doc>Types the given ``text`` into the text field identified by ``locator``.</doc>
<msg timestamp="20220505 22:33:17.460" level="INFO">Typing text 'kampar' into text field 'xpath://*[@id="SearchBoxContainer"]/div[1]/div/div[2]/div/div/div[1]/div/div/input'.</msg>
<status status="PASS" starttime="20220505 22:33:17.460" endtime="20220505 22:33:17.581"/>
</kw>
<kw name="Click Button" library="SeleniumLibrary">
<arg>xpath://*[@id="SearchBoxContainer"]/div[2]/button</arg>
<doc>Clicks the button identified by ``locator``.</doc>
<msg timestamp="20220505 22:33:17.581" level="INFO">Clicking button 'xpath://*[@id="SearchBoxContainer"]/div[2]/button'.</msg>
<status status="PASS" starttime="20220505 22:33:17.581" endtime="20220505 22:33:20.037"/>
</kw>
<kw name="Sleep" library="BuiltIn">
<arg>3</arg>
<doc>Pauses the test executed for the given time.</doc>
<msg timestamp="20220505 22:33:23.045" level="INFO">Slept 3 seconds</msg>
<status status="PASS" starttime="20220505 22:33:20.037" endtime="20220505 22:33:23.045"/>
</kw>
<kw name="Wait Until Element Is Enabled" library="SeleniumLibrary">
<arg>xpath://*[@id="searchPageLeftColumn"]/div[2]/div[1]/div[2]/ul/li[3]/span</arg>
<doc>Waits until the element ``locator`` is enabled.</doc>
<msg timestamp="20220505 22:33:28.562" level="INFO" html="true">&lt;/td&gt;&lt;/tr&gt;&lt;tr&gt;&lt;td colspan="3"&gt;&lt;a href="selenium-screenshot-29.png"&gt;&lt;img src="selenium-screenshot-29.png" width="800px"&gt;&lt;/a&gt;</msg>
<msg timestamp="20220505 22:33:28.574" level="FAIL">Element with locator 'xpath://*[@id="searchPageLeftColumn"]/div[2]/div[1]/div[2]/ul/li[3]/span' not found.</msg>
<status status="FAIL" starttime="20220505 22:33:23.046" endtime="20220505 22:33:28.574"/>
</kw>
<kw name="Close Browser" library="SeleniumLibrary">
<doc>Closes the current browser.</doc>
<status status="NOT RUN" starttime="20220505 22:33:28.575" endtime="20220505 22:33:28.575"/>
</kw>
<status status="FAIL" starttime="20220505 22:33:14.411" endtime="20220505 22:33:28.575">Element with locator 'xpath://*[@id="searchPageLeftColumn"]/div[2]/div[1]/div[2]/ul/li[3]/span' not found.</status>
</test>
<test id="s1-t6" name="Testcase6-checkbox">
<kw name="Open Browser" library="SeleniumLibrary">
<arg>${url}</arg>
<arg>${browser}</arg>
<doc>Opens a new browser instance to the optional ``url``.</doc>
<msg timestamp="20220505 22:33:28.576" level="INFO">Opening browser 'chrome' to base url 'https://agoda.com'.</msg>
<status status="PASS" starttime="20220505 22:33:28.575" endtime="20220505 22:33:31.961"/>
</kw>
<kw name="Title Should Be" library="SeleniumLibrary">
<arg>Agoda Official Site | Free Cancellation &amp; Booking Deals | Over 2 Million Hotels</arg>
<doc>Verifies that the current page title equals ``title``.</doc>
<msg timestamp="20220505 22:33:31.966" level="INFO">Page title is 'Agoda Official Site | Free Cancellation &amp; Booking Deals | Over 2 Million Hotels'.</msg>
<status status="PASS" starttime="20220505 22:33:31.962" endtime="20220505 22:33:31.966"/>
</kw>
<kw name="Wait Until Element Is Visible" library="SeleniumLibrary">
<arg>xpath://*[@id="SearchBoxContainer"]/div[1]/div/div[2]/div/div/div[1]/div/div/input</arg>
<doc>Waits until the element ``locator`` is visible.</doc>
<status status="PASS" starttime="20220505 22:33:31.966" endtime="20220505 22:33:31.985"/>
</kw>
<kw name="Input Text" library="SeleniumLibrary">
<arg>xpath://*[@id="SearchBoxContainer"]/div[1]/div/div[2]/div/div/div[1]/div/div/input</arg>
<arg>kampar</arg>
<doc>Types the given ``text`` into the text field identified by ``locator``.</doc>
<msg timestamp="20220505 22:33:31.985" level="INFO">Typing text 'kampar' into text field 'xpath://*[@id="SearchBoxContainer"]/div[1]/div/div[2]/div/div/div[1]/div/div/input'.</msg>
<status status="PASS" starttime="20220505 22:33:31.985" endtime="20220505 22:33:32.083"/>
</kw>
<kw name="Click Button" library="SeleniumLibrary">
<arg>xpath://*[@id="SearchBoxContainer"]/div[2]/button</arg>
<doc>Clicks the button identified by ``locator``.</doc>
<msg timestamp="20220505 22:33:32.083" level="INFO">Clicking button 'xpath://*[@id="SearchBoxContainer"]/div[2]/button'.</msg>
<status status="PASS" starttime="20220505 22:33:32.083" endtime="20220505 22:34:05.703"/>
</kw>
<kw name="Sleep" library="BuiltIn">
<arg>3</arg>
<doc>Pauses the test executed for the given time.</doc>
<msg timestamp="20220505 22:34:08.704" level="INFO">Slept 3 seconds</msg>
<status status="PASS" starttime="20220505 22:34:05.703" endtime="20220505 22:34:08.704"/>
</kw>
<kw name="Wait Until Element Is Enabled" library="SeleniumLibrary">
<arg>xpath://*[@id="searchPageLeftColumn"]/div[2]/div[1]/div[2]/ul/li[3]/span</arg>
<doc>Waits until the element ``locator`` is enabled.</doc>
<msg timestamp="20220505 22:34:14.263" level="INFO" html="true">&lt;/td&gt;&lt;/tr&gt;&lt;tr&gt;&lt;td colspan="3"&gt;&lt;a href="selenium-screenshot-30.png"&gt;&lt;img src="selenium-screenshot-30.png" width="800px"&gt;&lt;/a&gt;</msg>
<msg timestamp="20220505 22:34:14.264" level="FAIL">Element with locator 'xpath://*[@id="searchPageLeftColumn"]/div[2]/div[1]/div[2]/ul/li[3]/span' not found.</msg>
<status status="FAIL" starttime="20220505 22:34:08.704" endtime="20220505 22:34:14.264"/>
</kw>
<kw name="Click Element" library="SeleniumLibrary">
<arg>xpath://*[@id="searchPageLeftColumn"]/div[2]/div[1]/div[2]/ul/li[1]/span/span[2]/span/span</arg>
<doc>Click the element identified by ``locator``.</doc>
<status status="NOT RUN" starttime="20220505 22:34:14.264" endtime="20220505 22:34:14.264"/>
</kw>
<kw name="Close Browser" library="SeleniumLibrary">
<doc>Closes the current browser.</doc>
<status status="NOT RUN" starttime="20220505 22:34:14.264" endtime="20220505 22:34:14.264"/>
</kw>
<status status="FAIL" starttime="20220505 22:33:28.575" endtime="20220505 22:34:14.264">Element with locator 'xpath://*[@id="searchPageLeftColumn"]/div[2]/div[1]/div[2]/ul/li[3]/span' not found.</status>
</test>
<status status="FAIL" starttime="20220505 22:32:58.254" endtime="20220505 22:34:14.265"/>
</suite>
<statistics>
<total>
<stat pass="4" fail="2" skip="0">All Tests</stat>
</total>
<tag>
</tag>
<suite>
<stat pass="4" fail="2" skip="0" id="s1" name="Agoda">Agoda</stat>
</suite>
</statistics>
<errors>
</errors>
</robot>
