<?xml version="1.0" encoding="UTF-8"?>
<robot generator="Robot 4.1.3 (Python 3.8.9 on darwin)" generated="20220131 01:12:58.175" rpa="false" schemaversion="2">
<suite id="s1" name="Agoda" source="/Users/alanliew/Desktop/Robot/agoda.robot">
<test id="s1-t1" name="Testcase1-OpenBrowser">
<kw name="Open Browser" library="SeleniumLibrary">
<arg>${url}</arg>
<arg>${browser}</arg>
<doc>Opens a new browser instance to the optional ``url``.</doc>
<msg timestamp="20220131 01:12:58.423" level="INFO">Opening browser 'chrome' to base url 'https://agoda.com'.</msg>
<status status="PASS" starttime="20220131 01:12:58.422" endtime="20220131 01:13:13.867"/>
</kw>
<kw name="Close Browser" library="SeleniumLibrary">
<doc>Closes the current browser.</doc>
<status status="PASS" starttime="20220131 01:13:13.870" endtime="20220131 01:13:14.451"/>
</kw>
<status status="PASS" starttime="20220131 01:12:58.421" endtime="20220131 01:13:14.452"/>
</test>
<status status="PASS" starttime="20220131 01:12:58.183" endtime="20220131 01:13:14.467"/>
</suite>
<statistics>
<total>
<stat pass="1" fail="0" skip="0">All Tests</stat>
</total>
<tag>
</tag>
<suite>
<stat pass="1" fail="0" skip="0" id="s1" name="Agoda">Agoda</stat>
</suite>
</statistics>
<errors>
</errors>
</robot>
