<?xml version="1.0" encoding="UTF-8"?>
<robot generator="Robot 4.1.3 (Python 3.8.9 on darwin)" generated="20220131 01:12:58.186" rpa="false" schemaversion="2">
<suite id="s1" name="Agoda" source="/Users/alanliew/Desktop/Robot/agoda.robot">
<test id="s1-t1" name="Testcase2-RightNavigation">
<kw name="Open Browser" library="SeleniumLibrary">
<arg>${url}</arg>
<arg>${browser}</arg>
<doc>Opens a new browser instance to the optional ``url``.</doc>
<msg timestamp="20220131 01:12:58.447" level="INFO">Opening browser 'chrome' to base url 'https://agoda.com'.</msg>
<status status="PASS" starttime="20220131 01:12:58.446" endtime="20220131 01:13:10.142"/>
</kw>
<kw name="Title Should Be" library="SeleniumLibrary">
<arg>Agoda Official Site | Free Cancellation &amp; Booking Deals | Over 2 Million Hotels</arg>
<doc>Verifies that the current page title equals ``title``.</doc>
<msg timestamp="20220131 01:13:10.249" level="INFO">Page title is 'Agoda Official Site | Free Cancellation &amp; Booking Deals | Over 2 Million Hotels'.</msg>
<status status="PASS" starttime="20220131 01:13:10.144" endtime="20220131 01:13:10.249"/>
</kw>
<kw name="Close Browser" library="SeleniumLibrary">
<doc>Closes the current browser.</doc>
<status status="PASS" starttime="20220131 01:13:10.250" endtime="20220131 01:13:10.532"/>
</kw>
<status status="PASS" starttime="20220131 01:12:58.445" endtime="20220131 01:13:10.533"/>
</test>
<status status="PASS" starttime="20220131 01:12:58.193" endtime="20220131 01:13:10.535"/>
</suite>
<statistics>
<total>
<stat pass="1" fail="0" skip="0">All Tests</stat>
</total>
<tag>
</tag>
<suite>
<stat pass="1" fail="0" skip="0" id="s1" name="Agoda">Agoda</stat>
</suite>
</statistics>
<errors>
</errors>
</robot>
